Determining if the pthread_create exist failed with the following output:
Change Dir: /home/workspace/git/cpp_learning_projects/udacity C++ nanoDegree/rotuePlannerProject/build/CMakeFiles/CMakeTmp

Run Build Command:"/usr/bin/make" "cmTC_dd810/fast"
/usr/bin/make -f CMakeFiles/cmTC_dd810.dir/build.make CMakeFiles/cmTC_dd810.dir/build
make[1]: Entering directory '/home/workspace/git/cpp_learning_projects/udacity C++ nanoDegree/rotuePlannerProject/build/CMakeFiles/CMakeTmp'
Building C object CMakeFiles/cmTC_dd810.dir/CheckSymbolExists.c.o
/usr/bin/cc    -o CMakeFiles/cmTC_dd810.dir/CheckSymbolExists.c.o   -c "/home/workspace/git/cpp_learning_projects/udacity C++ nanoDegree/rotuePlannerProject/build/CMakeFiles/CMakeTmp/CheckSymbolExists.c"
Linking C executable cmTC_dd810
/usr/local/bin/cmake -E cmake_link_script CMakeFiles/cmTC_dd810.dir/link.txt --verbose=1
/usr/bin/cc      -rdynamic CMakeFiles/cmTC_dd810.dir/CheckSymbolExists.c.o  -o cmTC_dd810 
CMakeFiles/cmTC_dd810.dir/CheckSymbolExists.c.o: In function `main':
CheckSymbolExists.c:(.text+0x16): undefined reference to `pthread_create'
collect2: error: ld returned 1 exit status
CMakeFiles/cmTC_dd810.dir/build.make:86: recipe for target 'cmTC_dd810' failed
make[1]: *** [cmTC_dd810] Error 1
make[1]: Leaving directory '/home/workspace/git/cpp_learning_projects/udacity C++ nanoDegree/rotuePlannerProject/build/CMakeFiles/CMakeTmp'
Makefile:121: recipe for target 'cmTC_dd810/fast' failed
make: *** [cmTC_dd810/fast] Error 2

File /home/workspace/git/cpp_learning_projects/udacity C++ nanoDegree/rotuePlannerProject/build/CMakeFiles/CMakeTmp/CheckSymbolExists.c:
/* */
#include <pthread.h>

int main(int argc, char** argv)
{
  (void)argv;
#ifndef pthread_create
  return ((int*)(&pthread_create))[argc];
#else
  (void)argc;
  return 0;
#endif
}

Determining if the function pthread_create exists in the pthreads failed with the following output:
Change Dir: /home/workspace/git/cpp_learning_projects/udacity C++ nanoDegree/rotuePlannerProject/build/CMakeFiles/CMakeTmp

Run Build Command:"/usr/bin/make" "cmTC_1cc60/fast"
/usr/bin/make -f CMakeFiles/cmTC_1cc60.dir/build.make CMakeFiles/cmTC_1cc60.dir/build
make[1]: Entering directory '/home/workspace/git/cpp_learning_projects/udacity C++ nanoDegree/rotuePlannerProject/build/CMakeFiles/CMakeTmp'
Building C object CMakeFiles/cmTC_1cc60.dir/CheckFunctionExists.c.o
/usr/bin/cc   -DCHECK_FUNCTION_EXISTS=pthread_create   -o CMakeFiles/cmTC_1cc60.dir/CheckFunctionExists.c.o   -c /usr/local/share/cmake-3.13/Modules/CheckFunctionExists.c
Linking C executable cmTC_1cc60
/usr/local/bin/cmake -E cmake_link_script CMakeFiles/cmTC_1cc60.dir/link.txt --verbose=1
/usr/bin/cc  -DCHECK_FUNCTION_EXISTS=pthread_create    -rdynamic CMakeFiles/cmTC_1cc60.dir/CheckFunctionExists.c.o  -o cmTC_1cc60 -lpthreads 
/usr/bin/ld: cannot find -lpthreads
collect2: error: ld returned 1 exit status
CMakeFiles/cmTC_1cc60.dir/build.make:86: recipe for target 'cmTC_1cc60' failed
make[1]: *** [cmTC_1cc60] Error 1
make[1]: Leaving directory '/home/workspace/git/cpp_learning_projects/udacity C++ nanoDegree/rotuePlannerProject/build/CMakeFiles/CMakeTmp'
Makefile:121: recipe for target 'cmTC_1cc60/fast' failed
make: *** [cmTC_1cc60/fast] Error 2


